
		Mon Nov 18 2019
17:03:55 { Loading plugin 1: Type `plain', file `wikiv' in `/usr/local/virtuoso-opensource/lib/virtuoso/hosting'
17:03:55   WikiV version 0.6 from OpenLink Software
17:03:55   Support functions for WikiV collaboration tool
17:03:55   SUCCESS plugin 1: loaded from /usr/local/virtuoso-opensource/lib/virtuoso/hosting/wikiv.so }
17:03:55 { Loading plugin 2: Type `plain', file `mediawiki' in `/usr/local/virtuoso-opensource/lib/virtuoso/hosting'
17:03:55   MediaWiki version 0.1 from OpenLink Software
17:03:55   Support functions for MediaWiki collaboration tool
17:03:55   SUCCESS plugin 2: loaded from /usr/local/virtuoso-opensource/lib/virtuoso/hosting/mediawiki.so }
17:03:55 { Loading plugin 3: Type `plain', file `creolewiki' in `/usr/local/virtuoso-opensource/lib/virtuoso/hosting'
17:03:55   CreoleWiki version 0.1 from OpenLink Software
17:03:55   Support functions for CreoleWiki collaboration tool
17:03:55   SUCCESS plugin 3: loaded from /usr/local/virtuoso-opensource/lib/virtuoso/hosting/creolewiki.so }
17:03:55 OpenLink Virtuoso Universal Server
17:03:55 Version 07.20.3229-pthreads for Linux as of Oct 22 2018
17:03:55 uses parts of OpenSSL, PCRE, Html Tidy
17:03:57 SQL Optimizer enabled (max 1000 layouts)
17:03:57 Compiler unit is timed at 0.000385 msec
17:04:00 Checkpoint started
17:04:00 Roll forward started
17:04:00 Roll forward complete
17:04:00 Checkpoint started
17:04:00 Checkpoint finished, log reused
17:04:00 Checkpoint started
17:04:01 Checkpoint finished, log reused
17:04:01 Checkpoint started
17:04:01 Checkpoint finished, log reused
17:04:01 Checkpoint started
17:04:01 Checkpoint finished, log reused
17:04:01 Checkpoint started
17:04:01 Checkpoint finished, log reused
17:04:01 PL LOG: Installing Virtuoso Conductor version 1.00.8783 (DAV)
17:04:01 PL LOG: Installing with dependencies Virtuoso Conductor version 1.00.8783/2018-10-22 12:56 (DAV)
17:04:01 Checkpoint started
17:04:01 Checkpoint finished, log reused
17:04:04 Checkpoint started
17:04:04 Checkpoint finished, log reused
17:04:04 PL LOG: Installation with dependencies complete
17:04:04 Checkpoint started
17:04:04 Checkpoint finished, log reused
17:04:06 HTTP/WebDAV server online at 8890
17:04:06 Server online at 1111 (pid 16)
17:04:06 Server received signal 15
17:04:06 Initiating quick shutdown
17:04:06 Server shutdown complete

		Mon Nov 18 2019
17:04:06 { Loading plugin 1: Type `plain', file `wikiv' in `/usr/local/virtuoso-opensource/lib/virtuoso/hosting'
17:04:06   WikiV version 0.6 from OpenLink Software
17:04:06   Support functions for WikiV collaboration tool
17:04:06   SUCCESS plugin 1: loaded from /usr/local/virtuoso-opensource/lib/virtuoso/hosting/wikiv.so }
17:04:06 { Loading plugin 2: Type `plain', file `mediawiki' in `/usr/local/virtuoso-opensource/lib/virtuoso/hosting'
17:04:06   MediaWiki version 0.1 from OpenLink Software
17:04:06   Support functions for MediaWiki collaboration tool
17:04:06   SUCCESS plugin 2: loaded from /usr/local/virtuoso-opensource/lib/virtuoso/hosting/mediawiki.so }
17:04:06 { Loading plugin 3: Type `plain', file `creolewiki' in `/usr/local/virtuoso-opensource/lib/virtuoso/hosting'
17:04:06   CreoleWiki version 0.1 from OpenLink Software
17:04:06   Support functions for CreoleWiki collaboration tool
17:04:06   SUCCESS plugin 3: loaded from /usr/local/virtuoso-opensource/lib/virtuoso/hosting/creolewiki.so }
17:04:06 OpenLink Virtuoso Universal Server
17:04:06 Version 07.20.3229-pthreads for Linux as of Oct 22 2018
17:04:06 uses parts of OpenSSL, PCRE, Html Tidy
17:04:08 Database version 3126
17:04:08 SQL Optimizer enabled (max 1000 layouts)
17:04:09 Compiler unit is timed at 0.000162 msec
17:04:10 Roll forward started
17:04:10 Roll forward complete
17:04:10 Checkpoint started
17:04:10 Checkpoint finished, log reused
17:04:12 HTTP/WebDAV server online at 8890
17:04:12 Server online at 1111 (pid 96)
17:04:12 Server received signal 15
17:04:12 Initiating quick shutdown
17:04:12 Server shutdown complete

		Mon Nov 18 2019
17:04:12 { Loading plugin 1: Type `plain', file `wikiv' in `/usr/local/virtuoso-opensource/lib/virtuoso/hosting'
17:04:12   WikiV version 0.6 from OpenLink Software
17:04:12   Support functions for WikiV collaboration tool
17:04:12   SUCCESS plugin 1: loaded from /usr/local/virtuoso-opensource/lib/virtuoso/hosting/wikiv.so }
17:04:12 { Loading plugin 2: Type `plain', file `mediawiki' in `/usr/local/virtuoso-opensource/lib/virtuoso/hosting'
17:04:12   MediaWiki version 0.1 from OpenLink Software
17:04:12   Support functions for MediaWiki collaboration tool
17:04:12   SUCCESS plugin 2: loaded from /usr/local/virtuoso-opensource/lib/virtuoso/hosting/mediawiki.so }
17:04:12 { Loading plugin 3: Type `plain', file `creolewiki' in `/usr/local/virtuoso-opensource/lib/virtuoso/hosting'
17:04:12   CreoleWiki version 0.1 from OpenLink Software
17:04:12   Support functions for CreoleWiki collaboration tool
17:04:12   SUCCESS plugin 3: loaded from /usr/local/virtuoso-opensource/lib/virtuoso/hosting/creolewiki.so }
17:04:12 OpenLink Virtuoso Universal Server
17:04:12 Version 07.20.3229-pthreads for Linux as of Oct 22 2018
17:04:12 uses parts of OpenSSL, PCRE, Html Tidy
17:04:14 Database version 3126
17:04:14 SQL Optimizer enabled (max 1000 layouts)
17:04:15 Compiler unit is timed at 0.000153 msec
17:04:16 Roll forward started
17:04:16 Roll forward complete
17:04:16 Checkpoint started
17:04:16 Checkpoint finished, log reused
17:04:16 HTTP/WebDAV server online at 8890
17:04:16 Server online at 1111 (pid 173)
17:04:16 PL LOG: Loader started
17:04:16 PL LOG: No more files to load. Loader has finished,
17:04:17 Checkpoint started
17:04:17 Checkpoint finished, log reused
17:04:17 Server received signal 15
17:04:17 Initiating quick shutdown
17:04:17 Server shutdown complete

		Mon Nov 18 2019
17:04:17 { Loading plugin 1: Type `plain', file `wikiv' in `/usr/local/virtuoso-opensource/lib/virtuoso/hosting'
17:04:17   WikiV version 0.6 from OpenLink Software
17:04:17   Support functions for WikiV collaboration tool
17:04:17   SUCCESS plugin 1: loaded from /usr/local/virtuoso-opensource/lib/virtuoso/hosting/wikiv.so }
17:04:17 { Loading plugin 2: Type `plain', file `mediawiki' in `/usr/local/virtuoso-opensource/lib/virtuoso/hosting'
17:04:17   MediaWiki version 0.1 from OpenLink Software
17:04:17   Support functions for MediaWiki collaboration tool
17:04:17   SUCCESS plugin 2: loaded from /usr/local/virtuoso-opensource/lib/virtuoso/hosting/mediawiki.so }
17:04:17 { Loading plugin 3: Type `plain', file `creolewiki' in `/usr/local/virtuoso-opensource/lib/virtuoso/hosting'
17:04:17   CreoleWiki version 0.1 from OpenLink Software
17:04:17   Support functions for CreoleWiki collaboration tool
17:04:17   SUCCESS plugin 3: loaded from /usr/local/virtuoso-opensource/lib/virtuoso/hosting/creolewiki.so }
17:04:17 OpenLink Virtuoso Universal Server
17:04:17 Version 07.20.3229-pthreads for Linux as of Oct 22 2018
17:04:17 uses parts of OpenSSL, PCRE, Html Tidy
17:04:19 Database version 3126
17:04:19 SQL Optimizer enabled (max 1000 layouts)
17:04:20 Compiler unit is timed at 0.000154 msec
17:04:20 Roll forward started
17:04:20 Roll forward complete
17:04:21 Checkpoint started
17:04:21 Checkpoint finished, log reused
17:04:23 HTTP/WebDAV server online at 8890
17:04:23 Server online at 1111 (pid 252)
